<?xml version="1.0" encoding="UTF-8"?>
<!-- Generated by org.testng.reporters.JUnitXMLReporter -->
<testsuite hostname="DESKTOP-AL3VMHN" ignored="7" name="Run on Firefox" tests="54" failures="9" timestamp="17 Sep 2021 11:09:17 GMT" time="282.989" errors="0">
  <testcase name="Register_00_All_Info_Correct" time="6.528" classname="com.nopcommerce.register.Register_Account"/>
  <testcase name="Register_01_Empty_Data" time="2.726" classname="com.nopcommerce.register.Register_Account"/>
  <testcase name="Register_02_Invalid_Email" time="1.547" classname="com.nopcommerce.register.Register_Account"/>
  <testcase name="Register_03_Email_Exist" time="1.437" classname="com.nopcommerce.register.Register_Account"/>
  <testcase name="Register_04_Password_Less_Than_Six_Characters" time="1.329" classname="com.nopcommerce.register.Register_Account"/>
  <testcase name="Register_05_Password_Not_Match_ConfimPassword" time="2.221" classname="com.nopcommerce.register.Register_Account"/>
  <testcase name="Login_01_Empty_Data" time="1.87" classname="com.nopcommerce.login.Login_To_Page"/>
  <testcase name="Login_02_Invalid_Email" time="0.632" classname="com.nopcommerce.login.Login_To_Page"/>
  <testcase name="Login_03_Unregisted_Email" time="1.531" classname="com.nopcommerce.login.Login_To_Page"/>
  <testcase name="Login_04_Registed_Email_Empty_Password" time="0.835" classname="com.nopcommerce.login.Login_To_Page"/>
  <testcase name="Login_05_Registed_Email_Wrong_Password" time="1.484" classname="com.nopcommerce.login.Login_To_Page"/>
  <testcase name="Login_06_Correct_Email_Password" time="3.425" classname="com.nopcommerce.login.Login_To_Page"/>
  <testcase name="My_Account_00_Login_To_Page" time="3.943" classname="com.nopcommerce.myaccount.My_Account"/>
  <testcase name="My_Account_01_Update_Customer_Info" time="6.149" classname="com.nopcommerce.myaccount.My_Account"/>
  <testcase name="My_Account_02_Add_Addresses" time="5.024" classname="com.nopcommerce.myaccount.My_Account"/>
  <testcase name="My_Account_03_Change_Info" time="2.626" classname="com.nopcommerce.myaccount.My_Account"/>
  <testcase name="My_Account_04_Add_Review" time="6.628" classname="com.nopcommerce.myaccount.My_Account"/>
  <testcase name="Search_Advanced_Search_00_Login_To_Page" time="4.697" classname="com.nopcommerce.search.Search_Advanced_Search"/>
  <testcase name="Search_Advanced_Search_01_Search_With_Empty_Data" time="1.922" classname="com.nopcommerce.search.Search_Advanced_Search"/>
  <testcase name="Search_Advanced_Search_02_Search_With_Data_Exist" time="0.708" classname="com.nopcommerce.search.Search_Advanced_Search"/>
  <testcase name="Search_Advanced_Search_03_Search_With_Product_Name_Relatively" time="0.801" classname="com.nopcommerce.search.Search_Advanced_Search"/>
  <testcase name="Search_Advanced_Search_04_Search_With_Product_Name_Precisely" time="1.372" classname="com.nopcommerce.search.Search_Advanced_Search"/>
  <testcase name="Search_Advanced_Search_05_Advanced_Search_With_Parent_Categories" time="2.157" classname="com.nopcommerce.search.Search_Advanced_Search"/>
  <testcase name="Search_Advanced_Search_06_Advanced_Search_With_Sub_Categories" time="1.263" classname="com.nopcommerce.search.Search_Advanced_Search"/>
  <testcase name="Search_Advanced_Search_07_Advanced_Search_With_Incorrect_Manufacturer" time="1.473" classname="com.nopcommerce.search.Search_Advanced_Search"/>
  <testcase name="Search_Advanced_Search_08_Advanced_Search_With_Correct_Manufacturer" time="1.497" classname="com.nopcommerce.search.Search_Advanced_Search"/>
  <testcase name="Sort_Display_Paging_01_Sort_With_Name_A_To_Z" time="3.507" classname="com.nopcommerce.sort.Sort_Display_Paging"/>
  <testcase name="Sort_Display_Paging_02_Sort_With_Name_Z_To_A" time="4.058" classname="com.nopcommerce.sort.Sort_Display_Paging"/>
  <testcase name="Sort_Display_Paging_03_Sort_With_Price_Low_To_High" time="3.335" classname="com.nopcommerce.sort.Sort_Display_Paging"/>
  <testcase name="Sort_Display_Paging_04_Sort_With_Price_High_To_Low" time="3.271" classname="com.nopcommerce.sort.Sort_Display_Paging"/>
  <testcase name="Sort_Display_Paging_05_Display_Three_Products_Per_Page" time="4.748" classname="com.nopcommerce.sort.Sort_Display_Paging"/>
  <testcase name="Sort_Display_Paging_06_Display_Six_Products_Per_Page" time="10.092" classname="com.nopcommerce.sort.Sort_Display_Paging"/>
  <testcase name="Sort_Display_Paging_07_Display_Nine_Products_Per_Page" time="11.082" classname="com.nopcommerce.sort.Sort_Display_Paging"/>
  <testcase name="Wishlist_Compare_RecentView_01_Add_To_Wishlist" time="6.136" classname="com.nopcommerce.wishlist.Wishlist_Compare_RecentView"/>
  <testcase name="Wishlist_Compare_RecentView_02_Add_To_Cart_From_Wishlist" time="3.038" classname="com.nopcommerce.wishlist.Wishlist_Compare_RecentView"/>
  <testcase name="Wishlist_Compare_RecentView_03_Remove_Product_From_Wishlist" time="8.034" classname="com.nopcommerce.wishlist.Wishlist_Compare_RecentView"/>
  <testcase name="Wishlist_Compare_RecentView_04_Add_Product_To_Compare" time="34.019" classname="com.nopcommerce.wishlist.Wishlist_Compare_RecentView"/>
  <testcase name="Wishlist_Compare_RecentView_05_Recently_Viewed_Products" time="13.771" classname="com.nopcommerce.wishlist.Wishlist_Compare_RecentView"/>
  <testcase name="Admin_00_Login_To_Admin_Page" time="2.92" classname="com.nopcommerce.admin.Admin"/>
  <testcase name="Admin_01_Search_With_Product_Name" time="4.245" classname="com.nopcommerce.admin.Admin"/>
  <testcase name="Admin_02_Search_With_Product_Name_Parent_Category_Unchecked" time="4.249" classname="com.nopcommerce.admin.Admin"/>
  <testcase name="Admin_03_Search_With_Product_Name_Parent_Category_Checked" time="5.111" classname="com.nopcommerce.admin.Admin"/>
  <testcase name="Admin_04_Search_With_Product_Name_Child_Category" time="5.787" classname="com.nopcommerce.admin.Admin"/>
  <testcase name="Admin_05_Search_With_Product_Name_Manufacturer" time="4.697" classname="com.nopcommerce.admin.Admin"/>
  <testcase name="Admin_06_Go_Directly_To_SKU" time="6.479" classname="com.nopcommerce.admin.Admin"/>
  <testcase name="Admin_07_Create_New_Customer" time="1.175" classname="com.nopcommerce.admin.Admin">
    <failure type="org.openqa.selenium.UnhandledAlertException" message="Dismissed user prompt dialog: Failed to save preferences.: 
Build info: version: &amp;apos;3.141.59&amp;apos;, revision: &amp;apos;e82be7d358&amp;apos;, time: &amp;apos;2018-11-14T08:17:03&amp;apos;
System info: host: &amp;apos;DESKTOP-AL3VMHN&amp;apos;, ip: &amp;apos;192.168.31.161&amp;apos;, os.name: &amp;apos;Windows 10&amp;apos;, os.arch: &amp;apos;amd64&amp;apos;, os.version: &amp;apos;10.0&amp;apos;, java.version: &amp;apos;1.8.0_181&amp;apos;
Driver info: org.openqa.selenium.firefox.FirefoxDriver
Capabilities {acceptInsecureCerts: true, browserName: firefox, browserVersion: 92.0, javascriptEnabled: true, moz:accessibilityChecks: false, moz:buildID: 20210903235534, moz:geckodriverVersion: 0.30.0, moz:headless: false, moz:processID: 12624, moz:profile: C:\Users\HP95\AppData\Local..., moz:shutdownTimeout: 60000, moz:useNonSpecCompliantPointerOrigin: false, moz:webdriverClick: true, pageLoadStrategy: normal, platform: WINDOWS, platformName: WINDOWS, platformVersion: 10.0, proxy: Proxy(), setWindowRect: true, strictFileInteractability: false, timeouts: {implicit: 0, pageLoad: 300000, script: 30000}, unhandledPromptBehavior: dismiss and notify}
Session ID: 80949156-8f86-447e-b462-37ce379bb5be
*** Element info: {Using=xpath, value=//ul[@role=&amp;apos;menu&amp;apos;]/li/a/p[contains(text(),&amp;apos;Dashboard&amp;apos;)]}">
      <![CDATA[org.openqa.selenium.UnhandledAlertException: Dismissed user prompt dialog: Failed to save preferences.: 
Build info: version: '3.141.59', revision: 'e82be7d358', time: '2018-11-14T08:17:03'
System info: host: 'DESKTOP-AL3VMHN', ip: '192.168.31.161', os.name: 'Windows 10', os.arch: 'amd64', os.version: '10.0', java.version: '1.8.0_181'
Driver info: org.openqa.selenium.firefox.FirefoxDriver
Capabilities {acceptInsecureCerts: true, browserName: firefox, browserVersion: 92.0, javascriptEnabled: true, moz:accessibilityChecks: false, moz:buildID: 20210903235534, moz:geckodriverVersion: 0.30.0, moz:headless: false, moz:processID: 12624, moz:profile: C:\Users\HP95\AppData\Local..., moz:shutdownTimeout: 60000, moz:useNonSpecCompliantPointerOrigin: false, moz:webdriverClick: true, pageLoadStrategy: normal, platform: WINDOWS, platformName: WINDOWS, platformVersion: 10.0, proxy: Proxy(), setWindowRect: true, strictFileInteractability: false, timeouts: {implicit: 0, pageLoad: 300000, script: 30000}, unhandledPromptBehavior: dismiss and notify}
Session ID: 80949156-8f86-447e-b462-37ce379bb5be
*** Element info: {Using=xpath, value=//ul[@role='menu']/li/a/p[contains(text(),'Dashboard')]}
at org.openqa.selenium.remote.http.W3CHttpResponseCodec.decode(W3CHttpResponseCodec.java:120)
at org.openqa.selenium.remote.http.W3CHttpResponseCodec.decode(W3CHttpResponseCodec.java:49)
at org.openqa.selenium.remote.HttpCommandExecutor.execute(HttpCommandExecutor.java:158)
at org.openqa.selenium.remote.service.DriverCommandExecutor.execute(DriverCommandExecutor.java:83)
at org.openqa.selenium.remote.RemoteWebDriver.execute(RemoteWebDriver.java:552)
at org.openqa.selenium.remote.RemoteWebDriver.findElement(RemoteWebDriver.java:323)
at org.openqa.selenium.remote.RemoteWebDriver.findElementByXPath(RemoteWebDriver.java:428)
at org.openqa.selenium.By$ByXPath.findElement(By.java:353)
at org.openqa.selenium.remote.RemoteWebDriver.findElement(RemoteWebDriver.java:315)
at org.openqa.selenium.support.ui.ExpectedConditions$7.apply(ExpectedConditions.java:205)
at org.openqa.selenium.support.ui.ExpectedConditions$7.apply(ExpectedConditions.java:201)
at org.openqa.selenium.support.ui.ExpectedConditions$22.apply(ExpectedConditions.java:641)
at org.openqa.selenium.support.ui.ExpectedConditions$22.apply(ExpectedConditions.java:638)
at org.openqa.selenium.support.ui.FluentWait.until(FluentWait.java:249)
at commons.BasePage.waitForElementClickable(BasePage.java:469)
at pageObjects.admin.nopCommerce.ProductDetailsPageObject.openDashboardMenu(ProductDetailsPageObject.java:15)
at com.nopcommerce.admin.Admin.Admin_07_Create_New_Customer(Admin.java:236)
... Removed 25 stack frames]]>
    </failure>
  </testcase> <!-- Admin_07_Create_New_Customer -->
  <testcase name="Admin_08_Search_Customer_With_Email" time="0.004" classname="com.nopcommerce.admin.Admin">
    <failure type="java.lang.NullPointerException">
      <![CDATA[java.lang.NullPointerException
at com.nopcommerce.admin.Admin.Admin_08_Search_Customer_With_Email(Admin.java:272)
... Removed 25 stack frames]]>
    </failure>
  </testcase> <!-- Admin_08_Search_Customer_With_Email -->
  <testcase name="Admin_09_Search_Customer_With_FirstName_LastName" time="0.003" classname="com.nopcommerce.admin.Admin">
    <failure type="java.lang.NullPointerException">
      <![CDATA[java.lang.NullPointerException
at com.nopcommerce.admin.Admin.Admin_09_Search_Customer_With_FirstName_LastName(Admin.java:286)
... Removed 25 stack frames]]>
    </failure>
  </testcase> <!-- Admin_09_Search_Customer_With_FirstName_LastName -->
  <testcase name="Admin_10_Search_Customer_With_Company" time="0.003" classname="com.nopcommerce.admin.Admin">
    <failure type="java.lang.NullPointerException">
      <![CDATA[java.lang.NullPointerException
at com.nopcommerce.admin.Admin.Admin_10_Search_Customer_With_Company(Admin.java:300)
... Removed 25 stack frames]]>
    </failure>
  </testcase> <!-- Admin_10_Search_Customer_With_Company -->
  <testcase name="Admin_11_Search_Customer_With_Full_Data" time="0.002" classname="com.nopcommerce.admin.Admin">
    <failure type="java.lang.NullPointerException">
      <![CDATA[java.lang.NullPointerException
at com.nopcommerce.admin.Admin.Admin_11_Search_Customer_With_Full_Data(Admin.java:314)
... Removed 25 stack frames]]>
    </failure>
  </testcase> <!-- Admin_11_Search_Customer_With_Full_Data -->
  <testcase name="Admin_12_Edit_Customer" time="0.002" classname="com.nopcommerce.admin.Admin">
    <failure type="java.lang.NullPointerException">
      <![CDATA[java.lang.NullPointerException
at com.nopcommerce.admin.Admin.Admin_12_Edit_Customer(Admin.java:333)
... Removed 25 stack frames]]>
    </failure>
  </testcase> <!-- Admin_12_Edit_Customer -->
  <testcase name="Admin_13_Add_New_Address" time="0.002" classname="com.nopcommerce.admin.Admin">
    <failure type="java.lang.NullPointerException">
      <![CDATA[java.lang.NullPointerException
at com.nopcommerce.admin.Admin.Admin_13_Add_New_Address(Admin.java:381)
... Removed 25 stack frames]]>
    </failure>
  </testcase> <!-- Admin_13_Add_New_Address -->
  <testcase name="Admin_14_Edit_Address" time="0.002" classname="com.nopcommerce.admin.Admin">
    <failure type="java.lang.NullPointerException">
      <![CDATA[java.lang.NullPointerException
at com.nopcommerce.admin.Admin.Admin_14_Edit_Address(Admin.java:482)
... Removed 25 stack frames]]>
    </failure>
  </testcase> <!-- Admin_14_Edit_Address -->
  <testcase name="Admin_15_Delete_Address" time="0.002" classname="com.nopcommerce.admin.Admin">
    <failure type="java.lang.NullPointerException">
      <![CDATA[java.lang.NullPointerException
at com.nopcommerce.admin.Admin.Admin_15_Delete_Address(Admin.java:585)
... Removed 25 stack frames]]>
    </failure>
  </testcase> <!-- Admin_15_Delete_Address -->
  <testcase name="@BeforeTest deleteAllFilesInReportNGScreenshot" time="0.0" classname="commons.BaseTest">
    <ignored/>
  </testcase> <!-- @BeforeTest deleteAllFilesInReportNGScreenshot -->
  <testcase name="@BeforeTest deleteAllFilesInReportNGScreenshot" time="0.0" classname="commons.BaseTest">
    <ignored/>
  </testcase> <!-- @BeforeTest deleteAllFilesInReportNGScreenshot -->
  <testcase name="@BeforeTest deleteAllFilesInReportNGScreenshot" time="0.0" classname="commons.BaseTest">
    <ignored/>
  </testcase> <!-- @BeforeTest deleteAllFilesInReportNGScreenshot -->
  <testcase name="@BeforeTest deleteAllFilesInReportNGScreenshot" time="0.0" classname="commons.BaseTest">
    <ignored/>
  </testcase> <!-- @BeforeTest deleteAllFilesInReportNGScreenshot -->
  <testcase name="@BeforeTest deleteAllFilesInReportNGScreenshot" time="0.0" classname="commons.BaseTest">
    <ignored/>
  </testcase> <!-- @BeforeTest deleteAllFilesInReportNGScreenshot -->
  <testcase name="@BeforeTest deleteAllFilesInReportNGScreenshot" time="0.0" classname="commons.BaseTest">
    <ignored/>
  </testcase> <!-- @BeforeTest deleteAllFilesInReportNGScreenshot -->
  <testcase name="@BeforeTest deleteAllFilesInReportNGScreenshot" time="0.0" classname="commons.BaseTest">
    <ignored/>
  </testcase> <!-- @BeforeTest deleteAllFilesInReportNGScreenshot -->
</testsuite> <!-- Run on Firefox -->
