<?xml version="1.0" encoding="UTF-8"?>
<!-- Generated by org.testng.reporters.JUnitXMLReporter -->
<testsuite hostname="DESKTOP-AL3VMHN" ignored="3" name="Run on Chrome" tests="10" failures="0" timestamp="17 Sep 2021 09:17:45 GMT" time="30.181" errors="0">
  <testcase name="New_Customer_01_Validate_Name_01_Not_Empty" time="0.762" classname="com.bankguru.customer.New_Customer_01_Validate_Name"/>
  <testcase name="New_Customer_01_Validate_Name_02_Not_Numeric" time="0.519" classname="com.bankguru.customer.New_Customer_01_Validate_Name"/>
  <testcase name="New_Customer_01_Validate_Name_03_Not_Special_Characters" time="0.516" classname="com.bankguru.customer.New_Customer_01_Validate_Name"/>
  <testcase name="New_Customer_01_Validate_Name_04_Not_First_Character_Blank" time="0.514" classname="com.bankguru.customer.New_Customer_01_Validate_Name"/>
  <testcase name="New_Customer_02_Validate_Address_05_Address_Not_Empty" time="1.776" classname="com.bankguru.customer.New_Customer_02_Validate_Address"/>
  <testcase name="New_Customer_02_Validate_Address_06_Address_Not_First_Character_Blank" time="0.597" classname="com.bankguru.customer.New_Customer_02_Validate_Address"/>
  <testcase name="New_Customer_03_Validate_City_08_Not_Empty" time="0.753" classname="com.bankguru.customer.New_Customer_03_Validate_City"/>
  <testcase name="New_Customer_03_Validate_City_09_Not_Numeric" time="0.527" classname="com.bankguru.customer.New_Customer_03_Validate_City"/>
  <testcase name="New_Customer_03_Validate_City_10_Not_Special_Characters" time="0.53" classname="com.bankguru.customer.New_Customer_03_Validate_City"/>
  <testcase name="New_Customer_03_Validate_City_11_Not_First_Character_Blank" time="0.534" classname="com.bankguru.customer.New_Customer_03_Validate_City"/>
  <testcase name="@BeforeTest deleteAllFilesInReportNGScreenshot" time="0.0" classname="commons.BaseTest">
    <ignored/>
  </testcase> <!-- @BeforeTest deleteAllFilesInReportNGScreenshot -->
  <testcase name="@BeforeTest deleteAllFilesInReportNGScreenshot" time="0.0" classname="commons.BaseTest">
    <ignored/>
  </testcase> <!-- @BeforeTest deleteAllFilesInReportNGScreenshot -->
  <testcase name="@BeforeTest deleteAllFilesInReportNGScreenshot" time="0.0" classname="commons.BaseTest">
    <ignored/>
  </testcase> <!-- @BeforeTest deleteAllFilesInReportNGScreenshot -->
</testsuite> <!-- Run on Chrome -->
