<?xml version="1.0" encoding="UTF-8"?>
<testsuite name="Run on Firefox"
           tests="6"
           failures="0"
           errors="0"
           skipped="0"
           time="10.735">
  <properties />
  
  
            <testcase name="Login_01_Empty_Data" time="1.982" classname="com.nopcommerce.login.Login_To_Page" />
                <testcase name="Login_02_Invalid_Email" time="0.542" classname="com.nopcommerce.login.Login_To_Page" />
                <testcase name="Login_06_Correct_Email_Password" time="3.894" classname="com.nopcommerce.login.Login_To_Page" />
                <testcase name="Login_05_Registed_Email_Wrong_Password" time="1.416" classname="com.nopcommerce.login.Login_To_Page" />
                <testcase name="Login_03_Unregisted_Email" time="1.422" classname="com.nopcommerce.login.Login_To_Page" />
                <testcase name="Login_04_Registed_Email_Empty_Password" time="1.479" classname="com.nopcommerce.login.Login_To_Page" />
      
</testsuite>
