<?xml version="1.0" encoding="UTF-8"?>
<testsuite name="Run on Chrome"
           tests="4"
           failures="0"
           errors="0"
           skipped="0"
           time="2.344">
  <properties />
  
  
            <testcase name="New_Customer_03_Validate_City_08_Not_Empty" time="0.753" classname="com.bankguru.customer.New_Customer_03_Validate_City" />
                <testcase name="New_Customer_03_Validate_City_09_Not_Numeric" time="0.527" classname="com.bankguru.customer.New_Customer_03_Validate_City" />
                <testcase name="New_Customer_03_Validate_City_10_Not_Special_Characters" time="0.530" classname="com.bankguru.customer.New_Customer_03_Validate_City" />
                <testcase name="New_Customer_03_Validate_City_11_Not_First_Character_Blank" time="0.534" classname="com.bankguru.customer.New_Customer_03_Validate_City" />
      
</testsuite>
