<?xml version="1.0" encoding="UTF-8"?>
<testsuite name="Run on Chrome"
           tests="6"
           failures="0"
           errors="0"
           skipped="0"
           time="15.758">
  <properties />
  
  
            <testcase name="Register_04_Password_Less_Than_Six_Characters" time="1.145" classname="com.nopcommerce.register.Register_Account" />
                <testcase name="Register_03_Email_Exist" time="2.266" classname="com.nopcommerce.register.Register_Account" />
                <testcase name="Register_01_Empty_Data" time="2.028" classname="com.nopcommerce.register.Register_Account" />
                <testcase name="Register_00_All_Info_Correct" time="6.150" classname="com.nopcommerce.register.Register_Account" />
                <testcase name="Register_02_Invalid_Email" time="2.200" classname="com.nopcommerce.register.Register_Account" />
                <testcase name="Register_05_Password_Not_Match_ConfimPassword" time="1.969" classname="com.nopcommerce.register.Register_Account" />
      
</testsuite>
